CPU: 2025/04/01 21:20:38 CPU запущен
CPU: 2025/04/01 21:39:47 CPU остановлен
CPU: 2025/04/01 21:45:17 CPU запущен
CPU: 2025/04/01 21:45:21 CPU остановлен
CPU: 2025/04/01 21:49:50 CPU запущен
CPU: 2025/04/01 21:49:58 CPU остановлен
CPU: 2025/04/01 22:32:54 CPU запущен
CPU: 2025/04/01 22:33:31 CPU остановлен
CPU: 2025/04/01 22:33:31 Завершение работы
CPU: 2025/04/01 22:54:30 CPU запущен
CPU: 2025/04/01 22:54:34 CPU остановлен
CPU: 2025/04/01 22:54:34 Завершение работы
CPU: 2025/04/01 22:59:17 CPU запущен
CPU: 2025/04/01 23:00:15 CPU остановлен
CPU: 2025/04/01 23:00:15 Завершение работы
CPU: 2025/04/01 23:05:42 CPU запущен
CPU: 2025/04/01 23:30:05 CPU остановлен
CPU: 2025/04/01 23:30:18 Завершение работы
CPU: 2025/04/01 23:30:33 CPU запущен
CPU: 2025/04/01 23:38:15 Завершение работы
CPU: 2025/04/01 23:38:25 CPU запущен
CPU: 2025/04/01 23:38:35 Завершение работы
CPU: 2025/04/01 23:43:11 CPU запущен
CPU: 2025/04/01 23:56:08 Завершение работы
CPU: 2025/04/01 23:56:11 CPU запущен
CPU: 2025/04/02 00:04:30 Завершение работы
CPU: 2025/04/02 00:04:33 CPU запущен
CPU: 2025/04/02 00:34:39 Завершение работы
CPU: 2025/04/02 00:34:42 CPU запущен
CPU: 2025/04/02 01:05:29 CPU инициализирован
CPU: 2025/04/02 01:05:29 R0: [false true true true]
CPU: 2025/04/02 01:05:29 R1: [true true false true]
CPU: 2025/04/02 01:05:29 R2: [true true true false]
CPU: 2025/04/02 01:05:29 R3: [false true false false]
CPU: 2025/04/02 01:11:51 Завершение работы
CPU: 2025/04/02 01:12:31 CPU инициализирован
CPU: 2025/04/02 01:12:31 R0: [false true true true]
CPU: 2025/04/02 01:12:31 R1: [true true true false]
CPU: 2025/04/02 01:12:31 R2: [true false false true]
CPU: 2025/04/02 01:12:31 R3: [true true false false]
CPU: 2025/04/02 01:14:55 Завершение работы
CPU: 2025/04/02 01:14:59 CPU инициализирован
CPU: 2025/04/02 01:14:59 R0: [false true true false]
CPU: 2025/04/02 01:14:59 R1: [true true false true]
CPU: 2025/04/02 01:14:59 R2: [true true true true]
CPU: 2025/04/02 01:14:59 R3: [false true false true]
CPU: 2025/04/02 01:26:27 Завершение работы
CPU: 2025/04/02 01:27:11 CPU инициализирован
CPU: 2025/04/02 01:27:11 R0: [true true true false]
CPU: 2025/04/02 01:27:11 R1: [false true true false]
CPU: 2025/04/02 01:27:11 R2: [true true false true]
CPU: 2025/04/02 01:27:11 R3: [false true true false]
CPU: 2025/04/02 01:38:22 CPU инициализирован
CPU: 2025/04/02 01:38:22 R0: [false true true false]
CPU: 2025/04/02 01:38:22 R1: [true true false true]
CPU: 2025/04/02 01:38:22 R2: [false false false true]
CPU: 2025/04/02 01:38:22 R3: [false false true true]
CPU: 2025/04/02 01:41:13 CPU остановлен
CPU: 2025/04/02 01:41:45 CPU остановлен
CPU: 2025/04/03 20:40:30 CPU инициализирован
CPU: 2025/04/03 20:40:30 R0: [true false false false]
CPU: 2025/04/03 20:40:30 R1: [false false false false]
CPU: 2025/04/03 20:40:30 R2: [false true true false]
CPU: 2025/04/03 20:40:30 R3: [true false true false]
CPU: 2025/04/03 20:42:52 CPU инициализирован
CPU: 2025/04/03 20:42:52 R0: [true true false false]
CPU: 2025/04/03 20:42:52 R1: [true false false false]
CPU: 2025/04/03 20:42:52 R2: [false false true false]
CPU: 2025/04/03 20:42:52 R3: [false false true true]
CPU: 2025/04/03 21:07:43 CPU инициализирован
CPU: 2025/04/03 21:07:43 R0: [true false false false]
CPU: 2025/04/03 21:07:43 R1: [true false false false]
CPU: 2025/04/03 21:07:43 R2: [true true false true]
CPU: 2025/04/03 21:07:43 R3: [false false true true]
CPU: 2025/04/03 21:21:15 CPU инициализирован
CPU: 2025/04/03 21:21:15 R0: [true false true true]
CPU: 2025/04/03 21:21:15 R1: [true false true true]
CPU: 2025/04/03 21:21:15 R2: [true true false true]
CPU: 2025/04/03 21:21:15 R3: [true true false false]
CPU: 2025/04/03 21:44:59 CPU инициализирован
CPU: 2025/04/03 21:44:59 R0: [false true false false]
CPU: 2025/04/03 21:44:59 R1: [false true true false]
CPU: 2025/04/03 21:44:59 R2: [false true true true]
CPU: 2025/04/03 21:44:59 R3: [false false false true]
CPU: 2025/04/03 21:48:32 CPU инициализирован
CPU: 2025/04/03 21:48:32 R0: [false true true false]
CPU: 2025/04/03 21:48:32 R1: [true false false false]
CPU: 2025/04/03 21:48:32 R2: [false true true true]
CPU: 2025/04/03 21:48:32 R3: [false true true true]
CPU: 2025/04/03 21:56:47 CPU инициализирован
CPU: 2025/04/03 21:56:47 R0: [false true true false]
CPU: 2025/04/03 21:56:47 R1: [false false false true]
CPU: 2025/04/03 21:56:47 R2: [false false true false]
CPU: 2025/04/03 21:56:47 R3: [false false true true]
CPU: 2025/04/03 22:03:42 CPU инициализирован
CPU: 2025/04/03 22:03:42 R0: [true false true false]
CPU: 2025/04/03 22:03:42 R1: [true false false false]
CPU: 2025/04/03 22:03:42 R2: [false true false true]
CPU: 2025/04/03 22:03:42 R3: [false true false true]
CPU: 2025/04/03 22:07:51 CPU инициализирован
CPU: 2025/04/03 22:07:51 R0: [true true false false]
CPU: 2025/04/03 22:07:51 R1: [false true false false]
CPU: 2025/04/03 22:07:51 R2: [true false false false]
CPU: 2025/04/03 22:07:51 R3: [false false false false]
CPU: 2025/04/03 22:23:30 CPU инициализирован
CPU: 2025/04/03 22:23:30 R0: [true true false true]
CPU: 2025/04/03 22:23:30 R1: [false false false true]
CPU: 2025/04/03 22:23:30 R2: [false false true false]
CPU: 2025/04/03 22:23:30 R3: [false true true true]
CPU: 2025/04/03 22:35:16 CPU инициализирован
CPU: 2025/04/03 22:35:16 R0: [false true false true]
CPU: 2025/04/03 22:35:16 R1: [false true false false]
CPU: 2025/04/03 22:35:16 R2: [false true false true]
CPU: 2025/04/03 22:35:16 R3: [false false false false]
CPU: 2025/04/03 22:41:25 CPU инициализирован
CPU: 2025/04/03 22:41:25 R0: [false false true true]
CPU: 2025/04/03 22:41:25 R1: [false false false false]
CPU: 2025/04/03 22:41:25 R2: [true false true false]
CPU: 2025/04/03 22:41:25 R3: [true true true true]
CPU: 2025/04/03 22:47:21 CPU инициализирован
CPU: 2025/04/03 22:47:21 R0: [false true true true]
CPU: 2025/04/03 22:47:21 R1: [true false false true]
CPU: 2025/04/03 22:47:21 R2: [false true false true]
CPU: 2025/04/03 22:47:21 R3: [false true false false]
CPU: 2025/04/03 22:50:52 CPU инициализирован
CPU: 2025/04/03 22:50:52 R0: [true true true true]
CPU: 2025/04/03 22:50:52 R1: [false true true true]
CPU: 2025/04/03 22:50:52 R2: [true true false true]
CPU: 2025/04/03 22:50:52 R3: [true false false false]
CPU: 2025/04/03 22:56:36 CPU инициализирован
CPU: 2025/04/03 22:56:36 R0: [false true false true]
CPU: 2025/04/03 22:56:36 R1: [true true true false]
CPU: 2025/04/03 22:56:36 R2: [true true false true]
CPU: 2025/04/03 22:56:36 R3: [true false true true]
CPU: 2025/04/03 23:21:06 CPU инициализирован
CPU: 2025/04/03 23:21:06 R0: [true false false false]
CPU: 2025/04/03 23:21:06 R1: [true false true true]
CPU: 2025/04/03 23:21:06 R2: [false false false false]
CPU: 2025/04/03 23:21:06 R3: [true false true false]
CPU: 2025/04/03 23:34:45 CPU инициализирован
CPU: 2025/04/03 23:34:45 R0: [true false true false]
CPU: 2025/04/03 23:34:45 R1: [true true false true]
CPU: 2025/04/03 23:34:45 R2: [true true true false]
CPU: 2025/04/03 23:34:45 R3: [false true true false]
CPU: 2025/04/03 23:42:38 CPU инициализирован
CPU: 2025/04/03 23:42:38 R0: [false true false false]
CPU: 2025/04/03 23:42:38 R1: [true true true true]
CPU: 2025/04/03 23:42:38 R2: [true true true true]
CPU: 2025/04/03 23:42:38 R3: [true true false false]
CPU: 2025/04/04 00:01:53 CPU инициализирован
CPU: 2025/04/04 00:01:53 R0: [true false false true]
CPU: 2025/04/04 00:01:53 R1: [true true false true]
CPU: 2025/04/04 00:01:53 R2: [true false true false]
CPU: 2025/04/04 00:01:53 R3: [true false true true]
CPU: 2025/04/04 00:07:04 CPU инициализирован
CPU: 2025/04/04 00:07:04 R0: [true true false true]
CPU: 2025/04/04 00:07:04 R1: [false false true true]
CPU: 2025/04/04 00:07:04 R2: [true true false false]
CPU: 2025/04/04 00:07:04 R3: [true false false true]
CPU: 2025/04/04 00:31:51 CPU инициализирован
CPU: 2025/04/04 00:31:51 R0: [true false true false]
CPU: 2025/04/04 00:31:51 R1: [true true false false]
CPU: 2025/04/04 00:31:51 R2: [false true true false]
CPU: 2025/04/04 00:31:51 R3: [true false false true]
CPU: 2025/04/04 00:38:53 CPU инициализирован
CPU: 2025/04/04 00:38:53 R0: [true false false false]
CPU: 2025/04/04 00:38:53 R1: [true true true true]
CPU: 2025/04/04 00:38:53 R2: [false true true true]
CPU: 2025/04/04 00:38:53 R3: [false false false true]
